[LOG] System::create                           : Header version = 2.02.20. Current version = 2.02.20.
[LOG] Manager::init                            : maxchannels = 256 studioflags = 00000006 flags 00000000 extradriverdata 0000000000000000.
[LOG] SystemI::init                            : Initialize version=20220 (139317), maxchannels=256, flags=0x00020000
[LOG] SystemI::setOutputInternal               : Setting output to 'FMOD WASAPI Output'
[LOG] OutputWASAPI::init                       : Mix Format (WAVEFORMATEX): wFormatTag=0xFFFE, nChannels=2, nSamplesPerSec=48000, nAvgBytesPerSec=384000, nBlockAlign=8, wBitsPerSample=32, cbSize=22.
[LOG] OutputWASAPI::init                       : Mix Format (WAVEFORMATEXTENSIBLE): wValidBitsPerSample=32, dwChannelMask=0x00000003, SubFormat=00000003-0000-0010-8000-00AA00389B71.
[LOG] OutputWASAPI::init                       : Output buffer size: 4096 samples, latency: 0.00ms, period: 10.00ms, DSP buffer: 1024 * 4
[LOG] Thread::initThread                       : Init FMOD stream thread. Affinity: 0x4000000000000003, Priority: 0xFFFF7FFB, Stack Size: 98304, Semaphore: No, Sleep Time: 10, Looping: Yes.
[LOG] Thread::initThread                       : Init FMOD mixer thread. Affinity: 0x4000000000000001, Priority: 0xFFFF7FFA, Stack Size: 81920, Semaphore: No, Sleep Time: 0, Looping: Yes.
[LOG] AsyncManager::init                       : manager 00000242F280A898 isAsync 0 updatePeriod 0.02
[LOG] AsyncManager::init                       : done
[LOG] PlaybackSystem::init                     : 
[LOG] Thread::initThread                       : Init FMOD Studio sample load thread. Affinity: 0x4000000000000003, Priority: 0xFFFF7FFD, Stack Size: 98304, Semaphore: No, Sleep Time: 1, Looping: No.
[LOG] PlaybackSystem::init                     : done
[LOG] Thread::initThread                       : Init FMOD Studio bank load thread. Affinity: 0x4000000000000003, Priority: 0xFFFF7FFD, Stack Size: 98304, Semaphore: No, Sleep Time: 1, Looping: No.
[LOG] Manager::init                            : done.
[LOG] SoundI::release                          : TEDUJAM_Gameplay_final (00000243225DABB8)
[LOG] SoundI::release                          :     TEDUJAM_Gameplay_final (00000241E95D6E38)
[LOG] SoundI::release                          :     TEDUJAM_Gameplay_final (00000241C519ED58)
[LOG] SystemI::createSoundInternal             : Create name='', mode=0x02000202
[LOG] SystemI::createSoundInternal             : exinfo->cbsize             = 224
[LOG] SystemI::createSoundInternal             : exinfo->length             = 3199424
[LOG] SystemI::createSoundInternal             : exinfo->fileoffset         = 32384
[LOG] SystemI::createSoundInternal             : exinfo->numsubsounds       = 1
[LOG] SystemI::createSoundInternal             : exinfo->inclusionlist      = 000000B3C5B0F468
[LOG] SystemI::createSoundInternal             : exinfo->inclusionlistnum   = 1
[LOG] SystemI::createSoundInternal             : exinfo->suggestedsoundtype = 5
[LOG] SystemI::createSoundInternal             : exinfo->useropen           = 00007FFB613A3F70
[LOG] SystemI::createSoundInternal             : exinfo->userclose          = 00007FFB613A3F30
[LOG] SystemI::createSoundInternal             : exinfo->userread           = 00007FFB613A4050
[LOG] SystemI::createSoundInternal             : exinfo->userseek           = 00007FFB613A4110
[LOG] SystemI::createSoundInternal             : exinfo->fileuserdata       = 00000242F1481498
[LOG] SystemI::createSoundInternal             : exinfo->initialseekpostype = 1
[LOG] SystemI::DSPCodecPoolRegister            : register codec pool for pool type 5
[LOG] SystemI::createSoundInternal             : Sample 0/1: name='Wood, Impact, Wooden Stick, Hit Log, Soft SND30385', format=5, channels=2, frequency=48000, lengthbytes=2080, lengthpcm=7600, pcmblocksize=0, loopstart=0, loopend=0, mode=0x00000000, channelmask=0x00000000, channelorder=0, peakvolume=0.940004.
[LOG] SystemI::createSoundInternal             : Create name='', mode=0x02000202
[LOG] SystemI::createSoundInternal             : exinfo->cbsize             = 224
[LOG] SystemI::createSoundInternal             : exinfo->length             = 3199424
[LOG] SystemI::createSoundInternal             : exinfo->fileoffset         = 32384
[LOG] SystemI::createSoundInternal             : exinfo->numsubsounds       = 1
[LOG] SystemI::createSoundInternal             : exinfo->inclusionlist      = 000000B3C5B0F468
[LOG] SystemI::createSoundInternal             : exinfo->inclusionlistnum   = 1
[LOG] SystemI::createSoundInternal             : exinfo->suggestedsoundtype = 5
[LOG] SystemI::createSoundInternal             : exinfo->useropen           = 00007FFB613A3F70
[LOG] SystemI::createSoundInternal             : exinfo->userclose          = 00007FFB613A3F30
[LOG] SystemI::createSoundInternal             : exinfo->userread           = 00007FFB613A4050
[LOG] SystemI::createSoundInternal             : exinfo->userseek           = 00007FFB613A4110
[LOG] SystemI::createSoundInternal             : exinfo->fileuserdata       = 00000242F1481498
[LOG] SystemI::createSoundInternal             : exinfo->initialseekpostype = 1
[LOG] SystemI::DSPCodecPoolRegister            : register codec pool for pool type 5
[LOG] SystemI::createSoundInternal             : Sample 0/1: name='Glass, Impact, Glass Jar, Small Empty Drop Multiple SND67743', format=5, channels=1, frequency=48000, lengthbytes=3488, lengthpcm=16595, pcmblocksize=0, loopstart=0, loopend=0, mode=0x00000000, channelmask=0x00000000, channelorder=0, peakvolume=0.187232.
[LOG] SystemI::createSoundInternal             : Create name='', mode=0x02000202
[LOG] SystemI::createSoundInternal             : exinfo->cbsize             = 224
[LOG] SystemI::createSoundInternal             : exinfo->length             = 3199424
[LOG] SystemI::createSoundInternal             : exinfo->fileoffset         = 32384
[LOG] SystemI::createSoundInternal             : exinfo->numsubsounds       = 1
[LOG] SystemI::createSoundInternal             : exinfo->inclusionlist      = 000000B3C5B0F468
[LOG] SystemI::createSoundInternal             : exinfo->inclusionlistnum   = 1
[LOG] SystemI::createSoundInternal             : exinfo->suggestedsoundtype = 5
[LOG] SystemI::createSoundInternal             : exinfo->useropen           = 00007FFB613A3F70
[LOG] SystemI::createSoundInternal             : exinfo->userclose          = 00007FFB613A3F30
[LOG] SystemI::createSoundInternal             : exinfo->userread           = 00007FFB613A4050
[LOG] SystemI::createSoundInternal             : exinfo->userseek           = 00007FFB613A4110
[LOG] SystemI::createSoundInternal             : exinfo->fileuserdata       = 00000242F1481498
[LOG] SystemI::createSoundInternal             : exinfo->initialseekpostype = 1
[LOG] SystemI::DSPCodecPoolRegister            : register codec pool for pool type 5
[LOG] SystemI::createSoundInternal             : Sample 0/1: name='Food & Drink, Cooking, Vegetable, Fruit, Bell Pepper, Handle Pick Up Put Down SND27941', format=5, channels=1, frequency=48000, lengthbytes=2976, lengthpcm=18202, pcmblocksize=0, loopstart=0, loopend=0, mode=0x00000000, channelmask=0x00000000, channelorder=0, peakvolume=0.240712.
[LOG] SystemI::createSoundInternal             : Create name='', mode=0x02000202
[LOG] SystemI::createSoundInternal             : exinfo->cbsize             = 224
[LOG] SystemI::createSoundInternal             : exinfo->length             = 3199424
[LOG] SystemI::createSoundInternal             : exinfo->fileoffset         = 32384
[LOG] SystemI::createSoundInternal             : exinfo->numsubsounds       = 1
[LOG] SystemI::createSoundInternal             : exinfo->inclusionlist      = 000000B3C5B0F468
[LOG] SystemI::createSoundInternal             : exinfo->inclusionlistnum   = 1
[LOG] SystemI::createSoundInternal             : exinfo->suggestedsoundtype = 5
[LOG] SystemI::createSoundInternal             : exinfo->useropen           = 00007FFB613A3F70
[LOG] SystemI::createSoundInternal             : exinfo->userclose          = 00007FFB613A3F30
[LOG] SystemI::createSoundInternal             : exinfo->userread           = 00007FFB613A4050
[LOG] SystemI::createSoundInternal             : exinfo->userseek           = 00007FFB613A4110
[LOG] SystemI::createSoundInternal             : exinfo->fileuserdata       = 00000242F1481498
[LOG] SystemI::createSoundInternal             : exinfo->initialseekpostype = 1
[LOG] SystemI::DSPCodecPoolRegister            : register codec pool for pool type 5
[LOG] SystemI::createSoundInternal             : Sample 0/1: name='Food & Drink, Cooking, Knife, Scrape, Vegetable Cuttings On Wooden Chopping Board 02 SND26945', format=5, channels=2, frequency=48000, lengthbytes=4832, lengthpcm=16373, pcmblocksize=0, loopstart=0, loopend=0, mode=0x00000000, channelmask=0x00000000, channelorder=0, peakvolume=0.891251.
[LOG] SoundI::release                          : Ambience, Room Tone, Hotel Room, Airy, Copenhagen 01 SND107609 (00000243225D7918)
[LOG] SoundI::release                          :     Ambience, Room Tone, Hotel Room, Airy, Copenhagen 01 SND107609 (00000241E95D8EB8)
[LOG] SoundI::release                          :     Ambience, Room Tone, Hotel Room, Airy, Copenhagen 01 SND107609 (000002433B5EF218)
[LOG] SoundI::release                          : Fire, Burning, Wood Stove, Crackling SND11235 (00000243225D8338)
[LOG] SoundI::release                          :     Fire, Burning, Wood Stove, Crackling SND11235 (00000241E95D91F8)
[LOG] SoundI::release                          :     Fire, Burning, Wood Stove, Crackling SND11235 (00000241C519DFD8)
[LOG] SoundI::release                          : TEDUJAM_Gameplay_final (00000243225D55A8)
[LOG] SoundI::release                          :     TEDUJAM_Gameplay_final (00000241E95D3218)
[LOG] SoundI::release                          :     TEDUJAM_Gameplay_final (00000241C519EBA8)
[LOG] SoundI::release                          :  (000002431BC831F8)
[LOG] SoundI::release                          :     Glass, Impact, Glass Jar, Small Empty Drop Multiple SND67743 (00000241E95D4C18)
[LOG] SoundI::release                          :  (000002431BC82AC8)
[LOG] SoundI::release                          :     Food & Drink, Cooking, Vegetable, Fruit, Bell Pepper, Handle Pick Up Put Down SND27941 (00000241E95D4258)
[LOG] SoundI::release                          :  (000002431BC82C38)
[LOG] SoundI::release                          :     Food & Drink, Cooking, Knife, Scrape, Vegetable Cuttings On Wooden Chopping Board 02 SND26945 (00000241E95D7658)
[LOG] SoundI::release                          :  (0000024355DEE3F8)
[LOG] SoundI::release                          :     CatMeow1 (00000241E95D6138)
[LOG] SoundI::release                          :  (000002432F5F1D98)
[LOG] SoundI::release                          :     CatMeow2 (00000241E95D3D78)
[LOG] SoundI::release                          :  (000002432F5F2638)
[LOG] SoundI::release                          :     CatMeow3 (00000241E95D6958)
[LOG] SoundI::release                          :  (000002432F5F1C28)
[LOG] SoundI::release                          :     CatMeow4 (00000241E95D4598)
[LOG] SoundI::release                          :  (000002432F5F27A8)
[LOG] SoundI::release                          :     Wood, Impact, Wooden Stick, Hit Log, Soft SND30385 (00000241E95D5C58)
[LOG] SoundI::release                          :  (0000024355DED9E8)
[LOG] SoundI::release                          :     Food & Drink, Cooking, Vegetable, Fruit, Tomato, Cutting Fast 03 SND28044 1 copy 2 (00000241E95D8358)
[LOG] SoundI::release                          :  (000002432F5F2078)
[LOG] SoundI::release                          :     Food & Drink, Cooking, Vegetable, Fruit, Tomato, Cutting Fast 03 SND28044 1 copy (00000241E95D6C98)
[LOG] SoundI::release                          :  (0000024355DEDFA8)
[LOG] SoundI::release                          :     Food & Drink, Cooking, Vegetable, Fruit, Tomato, Cutting Fast 03 SND28044 1 (00000241E95D3F18)
[LOG] SoundI::release                          :  (0000024355DED708)
[LOG] SoundI::release                          :     Food & Drink, Cooking, Vegetable, Fruit, Squash, Cutting Fast 01 SND28051 1 (00000241E95D3A38)
[LOG] SoundI::release                          :  (000002432F5F24C8)
[LOG] SoundI::release                          :     Water, Movement, Stir In Metal Pan 01 SND26794 1 (00000241E95D4738)
[LOG] SoundI::release                          :  (000002432F5F2358)
[LOG] SoundI::release                          :     Food & Drink, Tableware, Spoon, Stir, Cereal In Bowl 01 SND22040 1 (00000241E95D7CD8)
[LOG] SoundI::release                          :  (000002432F5F21E8)
[LOG] SoundI::release                          :     Food & Drink, Cooking, Motar Pestle Salt SND78870 1 (00000241E95D4F58)
[LOG] Thread::callback                         : FMOD Studio update thread finished.
[LOG] Thread::callback                         : FMOD Studio bank load thread finished.
[LOG] Profile::disconnectAll                   : Profiler disconnecting all clients
[LOG] Thread::callback                         : FMOD Studio sample load thread finished.
[LOG] LiveUpdate::release                      : 
[LOG] LiveUpdate::reset                        : Reset connection (reason Disconnected)
[LOG] Thread::callback                         : FMOD stream thread finished.
[LOG] Thread::callback                         : FMOD mixer thread finished.
[LOG] Profile::disconnectAll                   : Profiler disconnecting all clients
[LOG] SystemI::close                           : Closed.
[ERR] assert                                   : assertion: 'gSystemInitCount == 0' failed
